<?xml version="1.0" encoding="utf-8" standalone="no"?>
<!--This file represents the results of running a test suite-->
<test-results name="C:\Visual studio 2010\Projects\Strings1\Strings1.nunit" total="0" errors="0" failures="0" not-run="0" inconclusive="0" ignored="0" skipped="0" invalid="0" date="2010-06-26" time="17:47:23">
  <environment nunit-version="2.5.5.10112" clr-version="2.0.50727.4200" os-version="Microsoft Windows NT 6.0.6002 Service Pack 2" platform="Win32NT" cwd="C:\Program Files\NUnit 2.5.5\bin\net-2.0" machine-name="SERGEYHOME-PC" user="Sergey" user-domain="SergeyHome-PC" />
  <culture-info current-culture="en-US" current-uiculture="en-US" />
  <test-suite type="Project" name="C:\Visual studio 2010\Projects\Strings1\Strings1.nunit" executed="True" result="Inconclusive" success="False" time="0.009" asserts="0">
    <results>
      <test-suite type="Assembly" name="C:\Visual studio 2010\Projects\Strings1\Strings1\bin\Debug\Strings1.exe" executed="False" result="NotRunnable">
        <reason>
          <message><![CDATA[Has no TestFixtures]]></message>
        </reason>
      </test-suite>
    </results>
  </test-suite>
</test-results>